<?xml version="1.0" encoding="UTF-8"?>
<testsuite xmlns:xsi="http://www.w3.org/2001/XMLSchema-instance" xsi:noNamespaceSchemaLocation="https://maven.apache.org/surefire/maven-surefire-plugin/xsd/surefire-test-report-3.0.xsd" version="3.0" name="objects.NodeTest" time="0.002" tests="14" errors="0" skipped="0" failures="0">
  <properties>
    <property name="java.specification.version" value="23"/>
    <property name="sun.cpu.isalist" value="amd64"/>
    <property name="sun.jnu.encoding" value="Cp1252"/>
    <property name="java.class.path" value="C:\ahl\des\tothrepo\evidentia\target\test-classes;C:\ahl\des\tothrepo\evidentia\target\classes;C:\Users\ahlop\.m2\repository\org\junit\jupiter\junit-jupiter-engine\5.1.1\junit-jupiter-engine-5.1.1.jar;C:\Users\ahlop\.m2\repository\org\apiguardian\apiguardian-api\1.0.0\apiguardian-api-1.0.0.jar;C:\Users\ahlop\.m2\repository\org\junit\platform\junit-platform-engine\1.1.1\junit-platform-engine-1.1.1.jar;C:\Users\ahlop\.m2\repository\org\junit\platform\junit-platform-commons\1.1.1\junit-platform-commons-1.1.1.jar;C:\Users\ahlop\.m2\repository\org\opentest4j\opentest4j\1.0.0\opentest4j-1.0.0.jar;C:\Users\ahlop\.m2\repository\org\junit\jupiter\junit-jupiter-api\5.1.1\junit-jupiter-api-5.1.1.jar;C:\Users\ahlop\.m2\repository\org\junit\platform\junit-platform-runner\1.1.1\junit-platform-runner-1.1.1.jar;C:\Users\ahlop\.m2\repository\org\junit\platform\junit-platform-launcher\1.1.1\junit-platform-launcher-1.1.1.jar;C:\Users\ahlop\.m2\repository\org\junit\platform\junit-platform-suite-api\1.1.1\junit-platform-suite-api-1.1.1.jar;C:\Users\ahlop\.m2\repository\junit\junit\4.12\junit-4.12.jar;C:\Users\ahlop\.m2\repository\org\hamcrest\hamcrest-core\1.3\hamcrest-core-1.3.jar;"/>
    <property name="java.vm.vendor" value="Eclipse Adoptium"/>
    <property name="sun.arch.data.model" value="64"/>
    <property name="user.variant" value=""/>
    <property name="java.vendor.url" value="https://adoptium.net/"/>
    <property name="user.timezone" value="America/Bogota"/>
    <property name="os.name" value="Windows 11"/>
    <property name="java.vm.specification.version" value="23"/>
    <property name="sun.java.launcher" value="SUN_STANDARD"/>
    <property name="user.country" value="US"/>
    <property name="sun.boot.library.path" value="C:\Users\ahlop\.p2\pool\plugins\org.eclipse.justj.openjdk.hotspot.jre.full.win32.x86_64_23.0.1.v20241024-1700\jre\bin"/>
    <property name="sun.java.command" value="C:\Users\ahlop\AppData\Local\Temp\surefire17131923068631135114\surefirebooter-20250120061057459_3.jar C:\Users\ahlop\AppData\Local\Temp\surefire17131923068631135114 2025-01-20T06-10-57_318-jvmRun1 surefire-20250120061057459_1tmp surefire_0-20250120061057459_2tmp"/>
    <property name="jdk.debug" value="release"/>
    <property name="surefire.test.class.path" value="C:\ahl\des\tothrepo\evidentia\target\test-classes;C:\ahl\des\tothrepo\evidentia\target\classes;C:\Users\ahlop\.m2\repository\org\junit\jupiter\junit-jupiter-engine\5.1.1\junit-jupiter-engine-5.1.1.jar;C:\Users\ahlop\.m2\repository\org\apiguardian\apiguardian-api\1.0.0\apiguardian-api-1.0.0.jar;C:\Users\ahlop\.m2\repository\org\junit\platform\junit-platform-engine\1.1.1\junit-platform-engine-1.1.1.jar;C:\Users\ahlop\.m2\repository\org\junit\platform\junit-platform-commons\1.1.1\junit-platform-commons-1.1.1.jar;C:\Users\ahlop\.m2\repository\org\opentest4j\opentest4j\1.0.0\opentest4j-1.0.0.jar;C:\Users\ahlop\.m2\repository\org\junit\jupiter\junit-jupiter-api\5.1.1\junit-jupiter-api-5.1.1.jar;C:\Users\ahlop\.m2\repository\org\junit\platform\junit-platform-runner\1.1.1\junit-platform-runner-1.1.1.jar;C:\Users\ahlop\.m2\repository\org\junit\platform\junit-platform-launcher\1.1.1\junit-platform-launcher-1.1.1.jar;C:\Users\ahlop\.m2\repository\org\junit\platform\junit-platform-suite-api\1.1.1\junit-platform-suite-api-1.1.1.jar;C:\Users\ahlop\.m2\repository\junit\junit\4.12\junit-4.12.jar;C:\Users\ahlop\.m2\repository\org\hamcrest\hamcrest-core\1.3\hamcrest-core-1.3.jar;"/>
    <property name="sun.cpu.endian" value="little"/>
    <property name="user.home" value="C:\Users\ahlop"/>
    <property name="user.language" value="en"/>
    <property name="java.specification.vendor" value="Oracle Corporation"/>
    <property name="java.version.date" value="2024-10-15"/>
    <property name="java.home" value="C:\Users\ahlop\.p2\pool\plugins\org.eclipse.justj.openjdk.hotspot.jre.full.win32.x86_64_23.0.1.v20241024-1700\jre"/>
    <property name="file.separator" value="\"/>
    <property name="basedir" value="C:\ahl\des\tothrepo\evidentia"/>
    <property name="style.color" value="always"/>
    <property name="java.vm.compressedOopsMode" value="Zero based"/>
    <property name="line.separator" value="&#10;"/>
    <property name="java.vm.specification.vendor" value="Oracle Corporation"/>
    <property name="java.specification.name" value="Java Platform API Specification"/>
    <property name="surefire.real.class.path" value="C:\Users\ahlop\AppData\Local\Temp\surefire17131923068631135114\surefirebooter-20250120061057459_3.jar"/>
    <property name="user.script" value=""/>
    <property name="sun.management.compiler" value="HotSpot 64-Bit Tiered Compilers"/>
    <property name="java.runtime.version" value="23.0.1+11"/>
    <property name="user.name" value="ahlop"/>
    <property name="stdout.encoding" value="Cp1252"/>
    <property name="path.separator" value=";"/>
    <property name="os.version" value="10.0"/>
    <property name="java.runtime.name" value="OpenJDK Runtime Environment"/>
    <property name="file.encoding" value="UTF-8"/>
    <property name="java.vm.name" value="OpenJDK 64-Bit Server VM"/>
    <property name="java.vendor.version" value="Temurin-23.0.1+11"/>
    <property name="localRepository" value="C:\Users\ahlop\.m2\repository"/>
    <property name="java.vendor.url.bug" value="https://github.com/adoptium/adoptium-support/issues"/>
    <property name="java.io.tmpdir" value="C:\Users\ahlop\AppData\Local\Temp\"/>
    <property name="java.version" value="23.0.1"/>
    <property name="user.dir" value="C:\ahl\des\tothrepo\evidentia"/>
    <property name="os.arch" value="amd64"/>
    <property name="java.vm.specification.name" value="Java Virtual Machine Specification"/>
    <property name="sun.os.patch.level" value=""/>
    <property name="native.encoding" value="Cp1252"/>
    <property name="java.library.path" value="C:\Users\ahlop\.p2\pool\plugins\org.eclipse.justj.openjdk.hotspot.jre.full.win32.x86_64_23.0.1.v20241024-1700\jre\bin;C:\WINDOWS\Sun\Java\bin;C:\WINDOWS\system32;C:\WINDOWS;C:/Users/ahlop/.p2/pool/plugins/org.eclipse.justj.openjdk.hotspot.jre.full.win32.x86_64_23.0.1.v20241024-1700/jre/bin/server;C:/Users/ahlop/.p2/pool/plugins/org.eclipse.justj.openjdk.hotspot.jre.full.win32.x86_64_23.0.1.v20241024-1700/jre/bin;C:\Program Files\python\Scripts\;C:\Program Files\python\;C:\WINDOWS\system32;C:\WINDOWS;C:\WINDOWS\System32\Wbem;C:\WINDOWS\System32\WindowsPowerShell\v1.0\;C:\WINDOWS\System32\OpenSSH\;C:\Program Files (x86)\HP\Common\HPDestPlgIn\;C:\apache\maven-3.9.6\bin;c:\ahl\exec;C:\Program Files\Git\cmd;C:\ahl\des\wk_python;C:\Users\ahlop\AppData\Roaming\Python\Python312\Scripts;C:\Program Files\nodejs\;C:\ProgramData\chocolatey\bin;C:\Program Files (x86)\SlickEditV14.0.2\win\;C:\Users\ahlop\AppData\Local\Microsoft\WindowsApps;C:\Program Files (x86)\HP\Common\HPDestPlgIn\;C:\Users\ahlop\.p2\pool\plugins\org.eclipse.justj.openjdk.hotspot.jre.full.win32.x86_64_23.0.1.v20241024-1700;c:\ahl\exec;C:\apache\maven-3.9.6\bin;C:\Users\ahlop\AppData\Local\JetBrains\Toolbox\scripts;C:\ahl\des\wk_python;C:\Users\ahlop\AppData\Roaming\Python\Python312\Scripts;;C:\Users\ahlop\Desktop;;."/>
    <property name="java.vm.info" value="mixed mode, sharing"/>
    <property name="stderr.encoding" value="Cp1252"/>
    <property name="java.vendor" value="Eclipse Adoptium"/>
    <property name="java.vm.version" value="23.0.1+11"/>
    <property name="sun.io.unicode.encoding" value="UnicodeLittle"/>
    <property name="java.class.version" value="67.0"/>
  </properties>
  <testcase name="getContentTest" classname="objects.NodeTest" time="0.0"/>
  <testcase name="parentPathTest" classname="objects.NodeTest" time="0.0"/>
  <testcase name="getParentTest" classname="objects.NodeTest" time="0.0"/>
  <testcase name="getSecurityLevelTest" classname="objects.NodeTest" time="0.0"/>
  <testcase name="addToParentTest" classname="objects.NodeTest" time="0.0"/>
  <testcase name="getThemeTest" classname="objects.NodeTest" time="0.0"/>
  <testcase name="getKeyTest" classname="objects.NodeTest" time="0.0"/>
  <testcase name="equalsTest" classname="objects.NodeTest" time="0.0"/>
  <testcase name="getIdTest" classname="objects.NodeTest" time="0.0"/>
  <testcase name="parmsOfAddToParentTest" classname="objects.NodeTest" time="0.0"/>
  <testcase name="toStringTest" classname="objects.NodeTest" time="0.0"/>
  <testcase name="hashCodeTest" classname="objects.NodeTest" time="0.0"/>
  <testcase name="setContentTest" classname="objects.NodeTest" time="0.0"/>
  <testcase name="getRootTest" classname="objects.NodeTest" time="0.0"/>
</testsuite>